2018-09-28 21:20:27.870  INFO 64195 --- [main] c.h.s.SpringbootActivitiApplication      : Starting SpringbootActivitiApplication on localhost with PID 64195 (/Users/hitol/code/java/springboot/SpringBootActiviti/target/classes started by hitol in /Users/hitol/code/java/springboot/SpringBootActiviti)
2018-09-28 21:20:27.875  INFO 64195 --- [main] c.h.s.SpringbootActivitiApplication      : No active profile set, falling back to default profiles: default
2018-09-28 21:20:27.918  INFO 64195 --- [main] ConfigServletWebServerApplicationContext : Refreshing org.springframework.boot.web.servlet.context.AnnotationConfigServletWebServerApplicationContext@62656be4: startup date [Fri Sep 28 21:20:27 CST 2018]; root of context hierarchy
2018-09-28 21:20:28.456  WARN 64195 --- [main] o.m.s.mapper.ClassPathMapperScanner      : No MyBatis mapper was found in '[com.hitol.springbootactiviti]' package. Please check your configuration.
2018-09-28 21:20:28.846  INFO 64195 --- [main] trationDelegate$BeanPostProcessorChecker : Bean 'org.springframework.transaction.annotation.ProxyTransactionManagementConfiguration' of type [org.springframework.transaction.annotation.ProxyTransactionManagementConfiguration$$EnhancerBySpringCGLIB$$a9cf184c] is not eligible for getting processed by all BeanPostProcessors (for example: not eligible for auto-proxying)
2018-09-28 21:20:29.224  INFO 64195 --- [main] o.s.b.w.embedded.tomcat.TomcatWebServer  : Tomcat initialized with port(s): 8011 (http)
2018-09-28 21:20:29.246  INFO 64195 --- [main] o.apache.catalina.core.StandardService   : Starting service [Tomcat]
2018-09-28 21:20:29.246  INFO 64195 --- [main] org.apache.catalina.core.StandardEngine  : Starting Servlet Engine: Apache Tomcat/8.5.34
2018-09-28 21:20:29.250  INFO 64195 --- [localhost-startStop-1] o.a.catalina.core.AprLifecycleListener   : The APR based Apache Tomcat Native library which allows optimal performance in production environments was not found on the java.library.path: [/Users/hitol/Library/Java/Extensions:/Library/Java/Extensions:/Network/Library/Java/Extensions:/System/Library/Java/Extensions:/usr/lib/java:.]
2018-09-28 21:20:29.319  INFO 64195 --- [localhost-startStop-1] o.a.c.c.C.[Tomcat].[localhost].[/]       : Initializing Spring embedded WebApplicationContext
2018-09-28 21:20:29.319  INFO 64195 --- [localhost-startStop-1] o.s.web.context.ContextLoader            : Root WebApplicationContext: initialization completed in 1402 ms
2018-09-28 21:20:29.372  INFO 64195 --- [localhost-startStop-1] o.s.b.w.servlet.ServletRegistrationBean  : Servlet dispatcherServlet mapped to [/]
2018-09-28 21:20:29.376  INFO 64195 --- [localhost-startStop-1] o.s.b.w.servlet.FilterRegistrationBean   : Mapping filter: 'characterEncodingFilter' to: [/*]
2018-09-28 21:20:29.376  INFO 64195 --- [localhost-startStop-1] o.s.b.w.servlet.FilterRegistrationBean   : Mapping filter: 'hiddenHttpMethodFilter' to: [/*]
2018-09-28 21:20:29.376  INFO 64195 --- [localhost-startStop-1] o.s.b.w.servlet.FilterRegistrationBean   : Mapping filter: 'httpPutFormContentFilter' to: [/*]
2018-09-28 21:20:29.376  INFO 64195 --- [localhost-startStop-1] o.s.b.w.servlet.FilterRegistrationBean   : Mapping filter: 'requestContextFilter' to: [/*]
2018-09-28 21:20:29.546  INFO 64195 --- [main] com.zaxxer.hikari.HikariDataSource       : HikariPool-1 - Starting...
2018-09-28 21:20:29.725  INFO 64195 --- [main] com.zaxxer.hikari.HikariDataSource       : HikariPool-1 - Start completed.
2018-09-28 21:20:29.836  INFO 64195 --- [main] j.LocalContainerEntityManagerFactoryBean : Building JPA container EntityManagerFactory for persistence unit 'default'
2018-09-28 21:20:29.854  INFO 64195 --- [main] o.hibernate.jpa.internal.util.LogHelper  : HHH000204: Processing PersistenceUnitInfo [
	name: default
	...]
2018-09-28 21:20:29.947  INFO 64195 --- [main] org.hibernate.Version                    : HHH000412: Hibernate Core {5.2.17.Final}
2018-09-28 21:20:29.948  INFO 64195 --- [main] org.hibernate.cfg.Environment            : HHH000206: hibernate.properties not found
2018-09-28 21:20:30.002  INFO 64195 --- [main] o.hibernate.annotations.common.Version   : HCANN000001: Hibernate Commons Annotations {5.0.1.Final}
2018-09-28 21:20:30.114  INFO 64195 --- [main] org.hibernate.dialect.Dialect            : HHH000400: Using dialect: org.hibernate.dialect.MySQL5Dialect
2018-09-28 21:20:30.337  INFO 64195 --- [main] j.LocalContainerEntityManagerFactoryBean : Initialized JPA EntityManagerFactory for persistence unit 'default'
2018-09-28 21:20:31.180  INFO 64195 --- [main] aultActiviti5CompatibilityHandlerFactory : Activiti 5 compatibility handler implementation not found or error during instantiation : org.activiti.compatibility.DefaultActiviti5CompatibilityHandler. Activiti 5 backwards compatibility disabled.
2018-09-28 21:20:31.196  INFO 64195 --- [main] o.activiti.engine.impl.db.DbSqlSession   : performing create on engine with resource org/activiti/db/create/activiti.mysql.create.engine.sql
2018-09-28 21:20:31.197  INFO 64195 --- [main] o.activiti.engine.impl.db.DbSqlSession   : Found MySQL: majorVersion=5 minorVersion=7
2018-09-28 21:20:32.423  INFO 64195 --- [main] o.activiti.engine.impl.db.DbSqlSession   : performing create on history with resource org/activiti/db/create/activiti.mysql.create.history.sql
2018-09-28 21:20:32.425  INFO 64195 --- [main] o.activiti.engine.impl.db.DbSqlSession   : Found MySQL: majorVersion=5 minorVersion=7
2018-09-28 21:20:32.793  INFO 64195 --- [main] o.a.engine.impl.ProcessEngineImpl        : ProcessEngine default created
2018-09-28 21:20:33.015  INFO 64195 --- [main] o.s.w.s.handler.SimpleUrlHandlerMapping  : Mapped URL path [/**/favicon.ico] onto handler of type [class org.springframework.web.servlet.resource.ResourceHttpRequestHandler]
2018-09-28 21:20:33.256  INFO 64195 --- [main] s.w.s.m.m.a.RequestMappingHandlerAdapter : Looking for @ControllerAdvice: org.springframework.boot.web.servlet.context.AnnotationConfigServletWebServerApplicationContext@62656be4: startup date [Fri Sep 28 21:20:27 CST 2018]; root of context hierarchy
2018-09-28 21:20:33.292  WARN 64195 --- [main] aWebConfiguration$JpaWebMvcConfiguration : spring.jpa.open-in-view is enabled by default. Therefore, database queries may be performed during view rendering. Explicitly configure spring.jpa.open-in-view to disable this warning
2018-09-28 21:20:33.330  INFO 64195 --- [main] s.w.s.m.m.a.RequestMappingHandlerMapping : Mapped "{[/error]}" onto public org.springframework.http.ResponseEntity<java.util.Map<java.lang.String, java.lang.Object>> org.springframework.boot.autoconfigure.web.servlet.error.BasicErrorController.error(javax.servlet.http.HttpServletRequest)
2018-09-28 21:20:33.332  INFO 64195 --- [main] s.w.s.m.m.a.RequestMappingHandlerMapping : Mapped "{[/error],produces=[text/html]}" onto public org.springframework.web.servlet.ModelAndView org.springframework.boot.autoconfigure.web.servlet.error.BasicErrorController.errorHtml(javax.servlet.http.HttpServletRequest,javax.servlet.http.HttpServletResponse)
2018-09-28 21:20:33.385  INFO 64195 --- [main] o.s.w.s.handler.SimpleUrlHandlerMapping  : Mapped URL path [/webjars/**] onto handler of type [class org.springframework.web.servlet.resource.ResourceHttpRequestHandler]
2018-09-28 21:20:33.385  INFO 64195 --- [main] o.s.w.s.handler.SimpleUrlHandlerMapping  : Mapped URL path [/**] onto handler of type [class org.springframework.web.servlet.resource.ResourceHttpRequestHandler]
2018-09-28 21:20:33.672  INFO 64195 --- [main] o.s.j.e.a.AnnotationMBeanExporter        : Registering beans for JMX exposure on startup
2018-09-28 21:20:33.673  INFO 64195 --- [main] o.s.j.e.a.AnnotationMBeanExporter        : Bean with name 'dataSource' has been autodetected for JMX exposure
2018-09-28 21:20:33.679  INFO 64195 --- [main] o.s.j.e.a.AnnotationMBeanExporter        : Located MBean 'dataSource': registering with JMX server as MBean [com.zaxxer.hikari:name=dataSource,type=HikariDataSource]
2018-09-28 21:20:33.725  INFO 64195 --- [main] o.s.b.w.embedded.tomcat.TomcatWebServer  : Tomcat started on port(s): 8011 (http) with context path ''
2018-09-28 21:20:33.729  INFO 64195 --- [main] c.h.s.SpringbootActivitiApplication      : Started SpringbootActivitiApplication in 6.365 seconds (JVM running for 7.208)
